<?xml version="1.0" encoding="UTF-8"?>
<!-- Generated by org.testng.reporters.JUnitXMLReporter -->
<testsuite ignored="0" hostname="DESKTOP-6MEMO6P" failures="1" tests="2" name="FirefoxTest" time="6.847" errors="0" timestamp="2025-04-21T18:24:00 IST">
  <testcase classname="day6_15042025.CrossbrowserTestDemo" name="app" time="0.003">
    <failure type="java.lang.NullPointerException" message="Cannot invoke &amp;quot;org.openqa.selenium.WebDriver.get(String)&amp;quot; because &amp;quot;this.driver&amp;quot; is null">
      <![CDATA[java.lang.NullPointerException: Cannot invoke "org.openqa.selenium.WebDriver.get(String)" because "this.driver" is null
at day6_15042025.CrossbrowserTestDemo.app(CrossbrowserTestDemo.java:35)
at java.base/java.util.ArrayList.forEach(ArrayList.java:1596)
... Removed 25 stack frames]]>
    </failure>
  </testcase> <!-- app -->
  <testcase classname="day6_15042025.CrossbrowserTestDemo" name="launchBrowser" time="6.821"/>
</testsuite> <!-- FirefoxTest -->
